{
  "/home/webadmin/coding/ads-engineer/serverless/src/database/index.ts": {
    "path": "/home/webadmin/coding/ads-engineer/serverless/src/database/index.ts",
    "statementMap": {
      "0": { "start": { "line": 2, "column": 2 }, "end": { "line": 192, "column": null } },
      "1": { "start": { "line": 4, "column": 17 }, "end": { "line": 4, "column": null } },
      "2": { "start": { "line": 5, "column": 6 }, "end": { "line": 33, "column": null } },
      "3": { "start": { "line": 35, "column": 6 }, "end": { "line": 35, "column": null } },
      "4": { "start": { "line": 40, "column": 21 }, "end": { "line": 40, "column": null } },
      "5": { "start": { "line": 41, "column": 6 }, "end": { "line": 41, "column": null } },
      "6": { "start": { "line": 45, "column": 21 }, "end": { "line": 45, "column": null } },
      "7": { "start": { "line": 46, "column": 6 }, "end": { "line": 46, "column": null } },
      "8": { "start": { "line": 50, "column": 17 }, "end": { "line": 50, "column": null } },
      "9": { "start": { "line": 51, "column": 6 }, "end": { "line": 63, "column": null } },
      "10": { "start": { "line": 65, "column": 6 }, "end": { "line": 65, "column": null } },
      "11": { "start": { "line": 69, "column": 31 }, "end": { "line": 69, "column": null } },
      "12": { "start": { "line": 70, "column": 28 }, "end": { "line": 70, "column": null } },
      "13": { "start": { "line": 72, "column": 6 }, "end": { "line": 77, "column": null } },
      "14": { "start": { "line": 73, "column": 8 }, "end": { "line": 76, "column": null } },
      "15": { "start": { "line": 74, "column": 10 }, "end": { "line": 74, "column": null } },
      "16": { "start": { "line": 75, "column": 10 }, "end": { "line": 75, "column": null } },
      "17": { "start": { "line": 79, "column": 6 }, "end": { "line": 79, "column": null } },
      "18": { "start": { "line": 79, "column": 31 }, "end": { "line": 79, "column": null } },
      "19": { "start": { "line": 81, "column": 6 }, "end": { "line": 81, "column": null } },
      "20": { "start": { "line": 82, "column": 21 }, "end": { "line": 82, "column": null } },
      "21": { "start": { "line": 83, "column": 6 }, "end": { "line": 83, "column": null } },
      "22": { "start": { "line": 88, "column": 17 }, "end": { "line": 88, "column": null } },
      "23": { "start": { "line": 89, "column": 6 }, "end": { "line": 100, "column": null } },
      "24": { "start": { "line": 102, "column": 6 }, "end": { "line": 102, "column": null } },
      "25": { "start": { "line": 106, "column": 49 }, "end": { "line": 106, "column": null } },
      "26": { "start": { "line": 107, "column": 18 }, "end": { "line": 107, "column": null } },
      "27": { "start": { "line": 108, "column": 28 }, "end": { "line": 108, "column": null } },
      "28": { "start": { "line": 110, "column": 6 }, "end": { "line": 113, "column": null } },
      "29": { "start": { "line": 111, "column": 8 }, "end": { "line": 111, "column": null } },
      "30": { "start": { "line": 112, "column": 8 }, "end": { "line": 112, "column": null } },
      "31": { "start": { "line": 115, "column": 6 }, "end": { "line": 115, "column": null } },
      "32": { "start": { "line": 116, "column": 6 }, "end": { "line": 116, "column": null } },
      "33": { "start": { "line": 118, "column": 21 }, "end": { "line": 118, "column": null } },
      "34": { "start": { "line": 119, "column": 6 }, "end": { "line": 119, "column": null } },
      "35": { "start": { "line": 123, "column": 17 }, "end": { "line": 123, "column": null } },
      "36": { "start": { "line": 124, "column": 6 }, "end": { "line": 127, "column": null } },
      "37": { "start": { "line": 128, "column": 6 }, "end": { "line": 128, "column": null } },
      "38": { "start": { "line": 132, "column": 59 }, "end": { "line": 132, "column": null } },
      "39": { "start": { "line": 133, "column": 18 }, "end": { "line": 133, "column": null } },
      "40": { "start": { "line": 134, "column": 28 }, "end": { "line": 134, "column": null } },
      "41": { "start": { "line": 136, "column": 6 }, "end": { "line": 139, "column": null } },
      "42": { "start": { "line": 137, "column": 8 }, "end": { "line": 137, "column": null } },
      "43": { "start": { "line": 138, "column": 8 }, "end": { "line": 138, "column": null } },
      "44": { "start": { "line": 140, "column": 6 }, "end": { "line": 143, "column": null } },
      "45": { "start": { "line": 141, "column": 8 }, "end": { "line": 141, "column": null } },
      "46": { "start": { "line": 142, "column": 8 }, "end": { "line": 142, "column": null } },
      "47": { "start": { "line": 145, "column": 6 }, "end": { "line": 145, "column": null } },
      "48": { "start": { "line": 146, "column": 6 }, "end": { "line": 146, "column": null } },
      "49": { "start": { "line": 148, "column": 21 }, "end": { "line": 148, "column": null } },
      "50": { "start": { "line": 149, "column": 6 }, "end": { "line": 149, "column": null } },
      "51": { "start": { "line": 153, "column": 21 }, "end": { "line": 153, "column": null } },
      "52": { "start": { "line": 154, "column": 6 }, "end": { "line": 154, "column": null } },
      "53": { "start": { "line": 158, "column": 31 }, "end": { "line": 158, "column": null } },
      "54": { "start": { "line": 159, "column": 28 }, "end": { "line": 159, "column": null } },
      "55": { "start": { "line": 161, "column": 6 }, "end": { "line": 166, "column": null } },
      "56": { "start": { "line": 162, "column": 8 }, "end": { "line": 165, "column": null } },
      "57": { "start": { "line": 163, "column": 10 }, "end": { "line": 163, "column": null } },
      "58": { "start": { "line": 164, "column": 10 }, "end": { "line": 164, "column": null } },
      "59": { "start": { "line": 168, "column": 6 }, "end": { "line": 168, "column": null } },
      "60": { "start": { "line": 168, "column": 31 }, "end": { "line": 168, "column": null } },
      "61": { "start": { "line": 170, "column": 6 }, "end": { "line": 170, "column": null } },
      "62": { "start": { "line": 171, "column": 21 }, "end": { "line": 171, "column": null } },
      "63": { "start": { "line": 172, "column": 6 }, "end": { "line": 172, "column": null } },
      "64": { "start": { "line": 176, "column": 35 }, "end": { "line": 176, "column": null } },
      "65": { "start": { "line": 177, "column": 18 }, "end": { "line": 177, "column": null } },
      "66": { "start": { "line": 178, "column": 28 }, "end": { "line": 178, "column": null } },
      "67": { "start": { "line": 180, "column": 6 }, "end": { "line": 183, "column": null } },
      "68": { "start": { "line": 181, "column": 8 }, "end": { "line": 181, "column": null } },
      "69": { "start": { "line": 182, "column": 8 }, "end": { "line": 182, "column": null } },
      "70": { "start": { "line": 184, "column": 6 }, "end": { "line": 187, "column": null } },
      "71": { "start": { "line": 185, "column": 8 }, "end": { "line": 185, "column": null } },
      "72": { "start": { "line": 186, "column": 8 }, "end": { "line": 186, "column": null } },
      "73": { "start": { "line": 189, "column": 21 }, "end": { "line": 189, "column": null } },
      "74": { "start": { "line": 190, "column": 6 }, "end": { "line": 190, "column": null } }
    },
    "fnMap": {
      "0": {
        "name": "createDb",
        "decl": { "start": { "line": 1, "column": 16 }, "end": { "line": 1, "column": 25 } },
        "loc": { "start": { "line": 1, "column": 41 }, "end": { "line": 193, "column": null } },
        "line": 1
      },
      "1": {
        "name": "(anonymous_1)",
        "decl": { "start": { "line": 3, "column": 10 }, "end": { "line": 3, "column": 21 } },
        "loc": { "start": { "line": 3, "column": 73 }, "end": { "line": 36, "column": null } },
        "line": 3
      },
      "2": {
        "name": "(anonymous_2)",
        "decl": { "start": { "line": 39, "column": 10 }, "end": { "line": 39, "column": 24 } },
        "loc": { "start": { "line": 39, "column": 57 }, "end": { "line": 42, "column": null } },
        "line": 39
      },
      "3": {
        "name": "(anonymous_3)",
        "decl": { "start": { "line": 44, "column": 10 }, "end": { "line": 44, "column": 32 } },
        "loc": { "start": { "line": 44, "column": 73 }, "end": { "line": 47, "column": null } },
        "line": 44
      },
      "4": {
        "name": "(anonymous_4)",
        "decl": { "start": { "line": 49, "column": 10 }, "end": { "line": 49, "column": 23 } },
        "loc": { "start": { "line": 49, "column": 75 }, "end": { "line": 66, "column": null } },
        "line": 49
      },
      "5": {
        "name": "(anonymous_5)",
        "decl": { "start": { "line": 68, "column": 10 }, "end": { "line": 68, "column": 23 } },
        "loc": { "start": { "line": 68, "column": 80 }, "end": { "line": 84, "column": null } },
        "line": 68
      },
      "6": {
        "name": "(anonymous_6)",
        "decl": { "start": { "line": 87, "column": 10 }, "end": { "line": 87, "column": 25 } },
        "loc": { "start": { "line": 87, "column": 77 }, "end": { "line": 103, "column": null } },
        "line": 87
      },
      "7": {
        "name": "(anonymous_7)",
        "decl": { "start": { "line": 105, "column": 10 }, "end": { "line": 105, "column": 23 } },
        "loc": { "start": { "line": 105, "column": 125 }, "end": { "line": 120, "column": null } },
        "line": 105
      },
      "8": {
        "name": "(anonymous_8)",
        "decl": { "start": { "line": 122, "column": 10 }, "end": { "line": 122, "column": 24 } },
        "loc": { "start": { "line": 122, "column": 76 }, "end": { "line": 129, "column": null } },
        "line": 122
      },
      "9": {
        "name": "(anonymous_9)",
        "decl": { "start": { "line": 131, "column": 10 }, "end": { "line": 131, "column": 24 } },
        "loc": { "start": { "line": 131, "column": 142 }, "end": { "line": 150, "column": null } },
        "line": 131
      },
      "10": {
        "name": "(anonymous_10)",
        "decl": { "start": { "line": 152, "column": 10 }, "end": { "line": 152, "column": 22 } },
        "loc": { "start": { "line": 152, "column": 70 }, "end": { "line": 155, "column": null } },
        "line": 152
      },
      "11": {
        "name": "(anonymous_11)",
        "decl": { "start": { "line": 157, "column": 10 }, "end": { "line": 157, "column": 21 } },
        "loc": { "start": { "line": 157, "column": 93 }, "end": { "line": 173, "column": null } },
        "line": 157
      },
      "12": {
        "name": "(anonymous_12)",
        "decl": { "start": { "line": 175, "column": 10 }, "end": { "line": 175, "column": 26 } },
        "loc": { "start": { "line": 175, "column": 112 }, "end": { "line": 191, "column": null } },
        "line": 175
      }
    },
    "branchMap": {
      "0": {
        "loc": { "start": { "line": 14, "column": 8 }, "end": { "line": 14, "column": null } },
        "type": "binary-expr",
        "locations": [
          { "start": { "line": 14, "column": 8 }, "end": { "line": 14, "column": 22 } },
          { "start": { "line": 14, "column": 22 }, "end": { "line": 14, "column": null } }
        ],
        "line": 14
      },
      "1": {
        "loc": { "start": { "line": 15, "column": 8 }, "end": { "line": 15, "column": null } },
        "type": "binary-expr",
        "locations": [
          { "start": { "line": 15, "column": 8 }, "end": { "line": 15, "column": 23 } },
          { "start": { "line": 15, "column": 23 }, "end": { "line": 15, "column": null } }
        ],
        "line": 15
      },
      "2": {
        "loc": { "start": { "line": 16, "column": 8 }, "end": { "line": 16, "column": null } },
        "type": "binary-expr",
        "locations": [
          { "start": { "line": 16, "column": 8 }, "end": { "line": 16, "column": 28 } },
          { "start": { "line": 16, "column": 28 }, "end": { "line": 16, "column": null } }
        ],
        "line": 16
      },
      "3": {
        "loc": { "start": { "line": 18, "column": 8 }, "end": { "line": 18, "column": null } },
        "type": "binary-expr",
        "locations": [
          { "start": { "line": 18, "column": 8 }, "end": { "line": 18, "column": 22 } },
          { "start": { "line": 18, "column": 22 }, "end": { "line": 18, "column": null } }
        ],
        "line": 18
      },
      "4": {
        "loc": { "start": { "line": 19, "column": 8 }, "end": { "line": 19, "column": null } },
        "type": "binary-expr",
        "locations": [
          { "start": { "line": 19, "column": 8 }, "end": { "line": 19, "column": 29 } },
          { "start": { "line": 19, "column": 29 }, "end": { "line": 19, "column": null } }
        ],
        "line": 19
      },
      "5": {
        "loc": { "start": { "line": 20, "column": 8 }, "end": { "line": 20, "column": null } },
        "type": "binary-expr",
        "locations": [
          { "start": { "line": 20, "column": 8 }, "end": { "line": 20, "column": 28 } },
          { "start": { "line": 20, "column": 28 }, "end": { "line": 20, "column": null } }
        ],
        "line": 20
      },
      "6": {
        "loc": { "start": { "line": 21, "column": 8 }, "end": { "line": 21, "column": null } },
        "type": "binary-expr",
        "locations": [
          { "start": { "line": 21, "column": 8 }, "end": { "line": 21, "column": 28 } },
          { "start": { "line": 21, "column": 28 }, "end": { "line": 21, "column": null } }
        ],
        "line": 21
      },
      "7": {
        "loc": { "start": { "line": 22, "column": 8 }, "end": { "line": 22, "column": null } },
        "type": "binary-expr",
        "locations": [
          { "start": { "line": 22, "column": 8 }, "end": { "line": 22, "column": 30 } },
          { "start": { "line": 22, "column": 30 }, "end": { "line": 22, "column": null } }
        ],
        "line": 22
      },
      "8": {
        "loc": { "start": { "line": 23, "column": 8 }, "end": { "line": 23, "column": null } },
        "type": "binary-expr",
        "locations": [
          { "start": { "line": 23, "column": 8 }, "end": { "line": 23, "column": 29 } },
          { "start": { "line": 23, "column": 29 }, "end": { "line": 23, "column": null } }
        ],
        "line": 23
      },
      "9": {
        "loc": { "start": { "line": 24, "column": 8 }, "end": { "line": 24, "column": null } },
        "type": "binary-expr",
        "locations": [
          { "start": { "line": 24, "column": 8 }, "end": { "line": 24, "column": 26 } },
          { "start": { "line": 24, "column": 26 }, "end": { "line": 24, "column": null } }
        ],
        "line": 24
      },
      "10": {
        "loc": { "start": { "line": 25, "column": 8 }, "end": { "line": 25, "column": null } },
        "type": "binary-expr",
        "locations": [
          { "start": { "line": 25, "column": 8 }, "end": { "line": 25, "column": 27 } },
          { "start": { "line": 25, "column": 27 }, "end": { "line": 25, "column": null } }
        ],
        "line": 25
      },
      "11": {
        "loc": { "start": { "line": 26, "column": 8 }, "end": { "line": 26, "column": null } },
        "type": "binary-expr",
        "locations": [
          { "start": { "line": 26, "column": 8 }, "end": { "line": 26, "column": 33 } },
          { "start": { "line": 26, "column": 33 }, "end": { "line": 26, "column": null } }
        ],
        "line": 26
      },
      "12": {
        "loc": { "start": { "line": 27, "column": 8 }, "end": { "line": 27, "column": null } },
        "type": "binary-expr",
        "locations": [
          { "start": { "line": 27, "column": 8 }, "end": { "line": 27, "column": 37 } },
          { "start": { "line": 27, "column": 37 }, "end": { "line": 27, "column": null } }
        ],
        "line": 27
      },
      "13": {
        "loc": { "start": { "line": 28, "column": 8 }, "end": { "line": 28, "column": null } },
        "type": "binary-expr",
        "locations": [
          { "start": { "line": 28, "column": 8 }, "end": { "line": 28, "column": 33 } },
          { "start": { "line": 28, "column": 33 }, "end": { "line": 28, "column": null } }
        ],
        "line": 28
      },
      "14": {
        "loc": { "start": { "line": 29, "column": 8 }, "end": { "line": 29, "column": null } },
        "type": "binary-expr",
        "locations": [
          { "start": { "line": 29, "column": 8 }, "end": { "line": 29, "column": 23 } },
          { "start": { "line": 29, "column": 23 }, "end": { "line": 29, "column": null } }
        ],
        "line": 29
      },
      "15": {
        "loc": { "start": { "line": 30, "column": 8 }, "end": { "line": 30, "column": null } },
        "type": "binary-expr",
        "locations": [
          { "start": { "line": 30, "column": 8 }, "end": { "line": 30, "column": 25 } },
          { "start": { "line": 30, "column": 25 }, "end": { "line": 30, "column": null } }
        ],
        "line": 30
      },
      "16": {
        "loc": { "start": { "line": 32, "column": 8 }, "end": { "line": 32, "column": null } },
        "type": "binary-expr",
        "locations": [
          { "start": { "line": 32, "column": 8 }, "end": { "line": 32, "column": 27 } },
          { "start": { "line": 32, "column": 27 }, "end": { "line": 32, "column": null } }
        ],
        "line": 32
      },
      "17": {
        "loc": { "start": { "line": 41, "column": 13 }, "end": { "line": 41, "column": null } },
        "type": "binary-expr",
        "locations": [
          { "start": { "line": 41, "column": 13 }, "end": { "line": 41, "column": 23 } },
          { "start": { "line": 41, "column": 23 }, "end": { "line": 41, "column": null } }
        ],
        "line": 41
      },
      "18": {
        "loc": { "start": { "line": 46, "column": 13 }, "end": { "line": 46, "column": null } },
        "type": "binary-expr",
        "locations": [
          { "start": { "line": 46, "column": 13 }, "end": { "line": 46, "column": 23 } },
          { "start": { "line": 46, "column": 23 }, "end": { "line": 46, "column": null } }
        ],
        "line": 46
      },
      "19": {
        "loc": { "start": { "line": 59, "column": 8 }, "end": { "line": 59, "column": null } },
        "type": "binary-expr",
        "locations": [
          { "start": { "line": 59, "column": 8 }, "end": { "line": 59, "column": 37 } },
          { "start": { "line": 59, "column": 37 }, "end": { "line": 59, "column": null } }
        ],
        "line": 59
      },
      "20": {
        "loc": { "start": { "line": 60, "column": 8 }, "end": { "line": 60, "column": null } },
        "type": "binary-expr",
        "locations": [
          { "start": { "line": 60, "column": 8 }, "end": { "line": 60, "column": 23 } },
          { "start": { "line": 60, "column": 23 }, "end": { "line": 60, "column": null } }
        ],
        "line": 60
      },
      "21": {
        "loc": { "start": { "line": 62, "column": 8 }, "end": { "line": 62, "column": null } },
        "type": "binary-expr",
        "locations": [
          { "start": { "line": 62, "column": 8 }, "end": { "line": 62, "column": 27 } },
          { "start": { "line": 62, "column": 27 }, "end": { "line": 62, "column": null } }
        ],
        "line": 62
      },
      "22": {
        "loc": { "start": { "line": 73, "column": 8 }, "end": { "line": 76, "column": null } },
        "type": "if",
        "locations": [
          { "start": { "line": 73, "column": 8 }, "end": { "line": 76, "column": null } },
          { "start": {}, "end": {} }
        ],
        "line": 73
      },
      "23": {
        "loc": { "start": { "line": 79, "column": 6 }, "end": { "line": 79, "column": null } },
        "type": "if",
        "locations": [
          { "start": { "line": 79, "column": 6 }, "end": { "line": 79, "column": null } },
          { "start": {}, "end": {} }
        ],
        "line": 79
      },
      "24": {
        "loc": { "start": { "line": 97, "column": 8 }, "end": { "line": 97, "column": null } },
        "type": "binary-expr",
        "locations": [
          { "start": { "line": 97, "column": 8 }, "end": { "line": 97, "column": 22 } },
          { "start": { "line": 97, "column": 22 }, "end": { "line": 97, "column": null } }
        ],
        "line": 97
      },
      "25": {
        "loc": { "start": { "line": 98, "column": 8 }, "end": { "line": 98, "column": null } },
        "type": "binary-expr",
        "locations": [
          { "start": { "line": 98, "column": 8 }, "end": { "line": 98, "column": 24 } },
          { "start": { "line": 98, "column": 24 }, "end": { "line": 98, "column": null } }
        ],
        "line": 98
      },
      "26": {
        "loc": { "start": { "line": 105, "column": 41 }, "end": { "line": 105, "column": 125 } },
        "type": "default-arg",
        "locations": [
          { "start": { "line": 105, "column": 105 }, "end": { "line": 105, "column": 125 } }
        ],
        "line": 105
      },
      "27": {
        "loc": { "start": { "line": 106, "column": 14 }, "end": { "line": 106, "column": 26 } },
        "type": "default-arg",
        "locations": [
          { "start": { "line": 106, "column": 22 }, "end": { "line": 106, "column": 26 } }
        ],
        "line": 106
      },
      "28": {
        "loc": { "start": { "line": 106, "column": 26 }, "end": { "line": 106, "column": 38 } },
        "type": "default-arg",
        "locations": [
          { "start": { "line": 106, "column": 35 }, "end": { "line": 106, "column": 38 } }
        ],
        "line": 106
      },
      "29": {
        "loc": { "start": { "line": 110, "column": 6 }, "end": { "line": 113, "column": null } },
        "type": "if",
        "locations": [
          { "start": { "line": 110, "column": 6 }, "end": { "line": 113, "column": null } },
          { "start": {}, "end": {} }
        ],
        "line": 110
      },
      "30": {
        "loc": { "start": { "line": 119, "column": 13 }, "end": { "line": 119, "column": null } },
        "type": "binary-expr",
        "locations": [
          { "start": { "line": 119, "column": 13 }, "end": { "line": 119, "column": 31 } },
          { "start": { "line": 119, "column": 31 }, "end": { "line": 119, "column": null } }
        ],
        "line": 119
      },
      "31": {
        "loc": { "start": { "line": 127, "column": 50 }, "end": { "line": 127, "column": 72 } },
        "type": "binary-expr",
        "locations": [
          { "start": { "line": 127, "column": 50 }, "end": { "line": 127, "column": 69 } },
          { "start": { "line": 127, "column": 69 }, "end": { "line": 127, "column": 72 } }
        ],
        "line": 127
      },
      "32": {
        "loc": { "start": { "line": 131, "column": 39 }, "end": { "line": 131, "column": 142 } },
        "type": "default-arg",
        "locations": [
          { "start": { "line": 131, "column": 122 }, "end": { "line": 131, "column": 142 } }
        ],
        "line": 131
      },
      "33": {
        "loc": { "start": { "line": 132, "column": 32 }, "end": { "line": 132, "column": 44 } },
        "type": "default-arg",
        "locations": [
          { "start": { "line": 132, "column": 40 }, "end": { "line": 132, "column": 44 } }
        ],
        "line": 132
      },
      "34": {
        "loc": { "start": { "line": 132, "column": 44 }, "end": { "line": 132, "column": 55 } },
        "type": "default-arg",
        "locations": [
          { "start": { "line": 132, "column": 53 }, "end": { "line": 132, "column": 55 } }
        ],
        "line": 132
      },
      "35": {
        "loc": { "start": { "line": 136, "column": 6 }, "end": { "line": 139, "column": null } },
        "type": "if",
        "locations": [
          { "start": { "line": 136, "column": 6 }, "end": { "line": 139, "column": null } },
          { "start": {}, "end": {} }
        ],
        "line": 136
      },
      "36": {
        "loc": { "start": { "line": 140, "column": 6 }, "end": { "line": 143, "column": null } },
        "type": "if",
        "locations": [
          { "start": { "line": 140, "column": 6 }, "end": { "line": 143, "column": null } },
          { "start": {}, "end": {} }
        ],
        "line": 140
      },
      "37": {
        "loc": { "start": { "line": 149, "column": 13 }, "end": { "line": 149, "column": null } },
        "type": "binary-expr",
        "locations": [
          { "start": { "line": 149, "column": 13 }, "end": { "line": 149, "column": 31 } },
          { "start": { "line": 149, "column": 31 }, "end": { "line": 149, "column": null } }
        ],
        "line": 149
      },
      "38": {
        "loc": { "start": { "line": 154, "column": 13 }, "end": { "line": 154, "column": null } },
        "type": "binary-expr",
        "locations": [
          { "start": { "line": 154, "column": 13 }, "end": { "line": 154, "column": 23 } },
          { "start": { "line": 154, "column": 23 }, "end": { "line": 154, "column": null } }
        ],
        "line": 154
      },
      "39": {
        "loc": { "start": { "line": 162, "column": 8 }, "end": { "line": 165, "column": null } },
        "type": "if",
        "locations": [
          { "start": { "line": 162, "column": 8 }, "end": { "line": 165, "column": null } },
          { "start": {}, "end": {} }
        ],
        "line": 162
      },
      "40": {
        "loc": { "start": { "line": 162, "column": 12 }, "end": { "line": 162, "column": 46 } },
        "type": "binary-expr",
        "locations": [
          { "start": { "line": 162, "column": 12 }, "end": { "line": 162, "column": 28 } },
          { "start": { "line": 162, "column": 28 }, "end": { "line": 162, "column": 46 } }
        ],
        "line": 162
      },
      "41": {
        "loc": { "start": { "line": 168, "column": 6 }, "end": { "line": 168, "column": null } },
        "type": "if",
        "locations": [
          { "start": { "line": 168, "column": 6 }, "end": { "line": 168, "column": null } },
          { "start": {}, "end": {} }
        ],
        "line": 168
      },
      "42": {
        "loc": { "start": { "line": 175, "column": 41 }, "end": { "line": 175, "column": 112 } },
        "type": "default-arg",
        "locations": [
          { "start": { "line": 175, "column": 91 }, "end": { "line": 175, "column": 112 } }
        ],
        "line": 175
      },
      "43": {
        "loc": { "start": { "line": 180, "column": 6 }, "end": { "line": 183, "column": null } },
        "type": "if",
        "locations": [
          { "start": { "line": 180, "column": 6 }, "end": { "line": 183, "column": null } },
          { "start": {}, "end": {} }
        ],
        "line": 180
      },
      "44": {
        "loc": { "start": { "line": 184, "column": 6 }, "end": { "line": 187, "column": null } },
        "type": "if",
        "locations": [
          { "start": { "line": 184, "column": 6 }, "end": { "line": 187, "column": null } },
          { "start": {}, "end": {} }
        ],
        "line": 184
      },
      "45": {
        "loc": { "start": { "line": 190, "column": 13 }, "end": { "line": 190, "column": null } },
        "type": "binary-expr",
        "locations": [
          { "start": { "line": 190, "column": 13 }, "end": { "line": 190, "column": 30 } },
          { "start": { "line": 190, "column": 30 }, "end": { "line": 190, "column": null } }
        ],
        "line": 190
      }
    },
    "s": {
      "0": 1,
      "1": 0,
      "2": 0,
      "3": 0,
      "4": 0,
      "5": 0,
      "6": 0,
      "7": 0,
      "8": 0,
      "9": 0,
      "10": 0,
      "11": 0,
      "12": 0,
      "13": 0,
      "14": 0,
      "15": 0,
      "16": 0,
      "17": 0,
      "18": 0,
      "19": 0,
      "20": 0,
      "21": 0,
      "22": 0,
      "23": 0,
      "24": 0,
      "25": 0,
      "26": 0,
      "27": 0,
      "28": 0,
      "29": 0,
      "30": 0,
      "31": 0,
      "32": 0,
      "33": 0,
      "34": 0,
      "35": 0,
      "36": 0,
      "37": 0,
      "38": 0,
      "39": 0,
      "40": 0,
      "41": 0,
      "42": 0,
      "43": 0,
      "44": 0,
      "45": 0,
      "46": 0,
      "47": 0,
      "48": 0,
      "49": 0,
      "50": 0,
      "51": 0,
      "52": 0,
      "53": 0,
      "54": 0,
      "55": 0,
      "56": 0,
      "57": 0,
      "58": 0,
      "59": 0,
      "60": 0,
      "61": 0,
      "62": 0,
      "63": 0,
      "64": 0,
      "65": 0,
      "66": 0,
      "67": 0,
      "68": 0,
      "69": 0,
      "70": 0,
      "71": 0,
      "72": 0,
      "73": 0,
      "74": 0
    },
    "f": {
      "0": 1,
      "1": 0,
      "2": 0,
      "3": 0,
      "4": 0,
      "5": 0,
      "6": 0,
      "7": 0,
      "8": 0,
      "9": 0,
      "10": 0,
      "11": 0,
      "12": 0
    },
    "b": {
      "0": [0, 0],
      "1": [0, 0],
      "2": [0, 0],
      "3": [0, 0],
      "4": [0, 0],
      "5": [0, 0],
      "6": [0, 0],
      "7": [0, 0],
      "8": [0, 0],
      "9": [0, 0],
      "10": [0, 0],
      "11": [0, 0],
      "12": [0, 0],
      "13": [0, 0],
      "14": [0, 0],
      "15": [0, 0],
      "16": [0, 0],
      "17": [0, 0],
      "18": [0, 0],
      "19": [0, 0],
      "20": [0, 0],
      "21": [0, 0],
      "22": [0, 0],
      "23": [0, 0],
      "24": [0, 0],
      "25": [0, 0],
      "26": [0],
      "27": [0],
      "28": [0],
      "29": [0, 0],
      "30": [0, 0],
      "31": [0, 0],
      "32": [0],
      "33": [0],
      "34": [0],
      "35": [0, 0],
      "36": [0, 0],
      "37": [0, 0],
      "38": [0, 0],
      "39": [0, 0],
      "40": [0, 0],
      "41": [0, 0],
      "42": [0],
      "43": [0, 0],
      "44": [0, 0],
      "45": [0, 0]
    },
    "meta": {
      "lastBranch": 46,
      "lastFunction": 13,
      "lastStatement": 75,
      "seen": {
        "f:1:16:1:25": 0,
        "s:2:2:192:Infinity": 0,
        "f:3:10:3:21": 1,
        "s:4:17:4:Infinity": 1,
        "s:5:6:33:Infinity": 2,
        "b:14:8:14:22:14:22:14:Infinity": 0,
        "b:15:8:15:23:15:23:15:Infinity": 1,
        "b:16:8:16:28:16:28:16:Infinity": 2,
        "b:18:8:18:22:18:22:18:Infinity": 3,
        "b:19:8:19:29:19:29:19:Infinity": 4,
        "b:20:8:20:28:20:28:20:Infinity": 5,
        "b:21:8:21:28:21:28:21:Infinity": 6,
        "b:22:8:22:30:22:30:22:Infinity": 7,
        "b:23:8:23:29:23:29:23:Infinity": 8,
        "b:24:8:24:26:24:26:24:Infinity": 9,
        "b:25:8:25:27:25:27:25:Infinity": 10,
        "b:26:8:26:33:26:33:26:Infinity": 11,
        "b:27:8:27:37:27:37:27:Infinity": 12,
        "b:28:8:28:33:28:33:28:Infinity": 13,
        "b:29:8:29:23:29:23:29:Infinity": 14,
        "b:30:8:30:25:30:25:30:Infinity": 15,
        "b:32:8:32:27:32:27:32:Infinity": 16,
        "s:35:6:35:Infinity": 3,
        "f:39:10:39:24": 2,
        "s:40:21:40:Infinity": 4,
        "s:41:6:41:Infinity": 5,
        "b:41:13:41:23:41:23:41:Infinity": 17,
        "f:44:10:44:32": 3,
        "s:45:21:45:Infinity": 6,
        "s:46:6:46:Infinity": 7,
        "b:46:13:46:23:46:23:46:Infinity": 18,
        "f:49:10:49:23": 4,
        "s:50:17:50:Infinity": 8,
        "s:51:6:63:Infinity": 9,
        "b:59:8:59:37:59:37:59:Infinity": 19,
        "b:60:8:60:23:60:23:60:Infinity": 20,
        "b:62:8:62:27:62:27:62:Infinity": 21,
        "s:65:6:65:Infinity": 10,
        "f:68:10:68:23": 5,
        "s:69:31:69:Infinity": 11,
        "s:70:28:70:Infinity": 12,
        "s:72:6:77:Infinity": 13,
        "b:73:8:76:Infinity:undefined:undefined:undefined:undefined": 22,
        "s:73:8:76:Infinity": 14,
        "s:74:10:74:Infinity": 15,
        "s:75:10:75:Infinity": 16,
        "b:79:6:79:Infinity:undefined:undefined:undefined:undefined": 23,
        "s:79:6:79:Infinity": 17,
        "s:79:31:79:Infinity": 18,
        "s:81:6:81:Infinity": 19,
        "s:82:21:82:Infinity": 20,
        "s:83:6:83:Infinity": 21,
        "f:87:10:87:25": 6,
        "s:88:17:88:Infinity": 22,
        "s:89:6:100:Infinity": 23,
        "b:97:8:97:22:97:22:97:Infinity": 24,
        "b:98:8:98:24:98:24:98:Infinity": 25,
        "s:102:6:102:Infinity": 24,
        "f:105:10:105:23": 7,
        "b:105:105:105:125": 26,
        "s:106:49:106:Infinity": 25,
        "b:106:22:106:26": 27,
        "b:106:35:106:38": 28,
        "s:107:18:107:Infinity": 26,
        "s:108:28:108:Infinity": 27,
        "b:110:6:113:Infinity:undefined:undefined:undefined:undefined": 29,
        "s:110:6:113:Infinity": 28,
        "s:111:8:111:Infinity": 29,
        "s:112:8:112:Infinity": 30,
        "s:115:6:115:Infinity": 31,
        "s:116:6:116:Infinity": 32,
        "s:118:21:118:Infinity": 33,
        "s:119:6:119:Infinity": 34,
        "b:119:13:119:31:119:31:119:Infinity": 30,
        "f:122:10:122:24": 8,
        "s:123:17:123:Infinity": 35,
        "s:124:6:127:Infinity": 36,
        "b:127:50:127:69:127:69:127:72": 31,
        "s:128:6:128:Infinity": 37,
        "f:131:10:131:24": 9,
        "b:131:122:131:142": 32,
        "s:132:59:132:Infinity": 38,
        "b:132:40:132:44": 33,
        "b:132:53:132:55": 34,
        "s:133:18:133:Infinity": 39,
        "s:134:28:134:Infinity": 40,
        "b:136:6:139:Infinity:undefined:undefined:undefined:undefined": 35,
        "s:136:6:139:Infinity": 41,
        "s:137:8:137:Infinity": 42,
        "s:138:8:138:Infinity": 43,
        "b:140:6:143:Infinity:undefined:undefined:undefined:undefined": 36,
        "s:140:6:143:Infinity": 44,
        "s:141:8:141:Infinity": 45,
        "s:142:8:142:Infinity": 46,
        "s:145:6:145:Infinity": 47,
        "s:146:6:146:Infinity": 48,
        "s:148:21:148:Infinity": 49,
        "s:149:6:149:Infinity": 50,
        "b:149:13:149:31:149:31:149:Infinity": 37,
        "f:152:10:152:22": 10,
        "s:153:21:153:Infinity": 51,
        "s:154:6:154:Infinity": 52,
        "b:154:13:154:23:154:23:154:Infinity": 38,
        "f:157:10:157:21": 11,
        "s:158:31:158:Infinity": 53,
        "s:159:28:159:Infinity": 54,
        "s:161:6:166:Infinity": 55,
        "b:162:8:165:Infinity:undefined:undefined:undefined:undefined": 39,
        "s:162:8:165:Infinity": 56,
        "b:162:12:162:28:162:28:162:46": 40,
        "s:163:10:163:Infinity": 57,
        "s:164:10:164:Infinity": 58,
        "b:168:6:168:Infinity:undefined:undefined:undefined:undefined": 41,
        "s:168:6:168:Infinity": 59,
        "s:168:31:168:Infinity": 60,
        "s:170:6:170:Infinity": 61,
        "s:171:21:171:Infinity": 62,
        "s:172:6:172:Infinity": 63,
        "f:175:10:175:26": 12,
        "b:175:91:175:112": 42,
        "s:176:35:176:Infinity": 64,
        "s:177:18:177:Infinity": 65,
        "s:178:28:178:Infinity": 66,
        "b:180:6:183:Infinity:undefined:undefined:undefined:undefined": 43,
        "s:180:6:183:Infinity": 67,
        "s:181:8:181:Infinity": 68,
        "s:182:8:182:Infinity": 69,
        "b:184:6:187:Infinity:undefined:undefined:undefined:undefined": 44,
        "s:184:6:187:Infinity": 70,
        "s:185:8:185:Infinity": 71,
        "s:186:8:186:Infinity": 72,
        "s:189:21:189:Infinity": 73,
        "s:190:6:190:Infinity": 74,
        "b:190:13:190:30:190:30:190:Infinity": 45
      }
    }
  }
}
